TN:
SF:src/constants.ts
FN:73,(anonymous_0)
FN:89,(anonymous_1)
FN:110,(anonymous_2)
FNF:3
FNH:3
FNDA:6,(anonymous_0)
FNDA:182,(anonymous_1)
FNDA:182,(anonymous_2)
DA:3,5
DA:4,5
DA:6,5
DA:18,5
DA:35,5
DA:45,5
DA:58,5
DA:73,5
DA:82,6
DA:89,6
DA:90,182
DA:92,6
DA:93,0
DA:95,6
DA:96,6
DA:98,6
DA:99,0
DA:101,6
DA:102,0
DA:104,6
DA:105,6
DA:107,6
DA:110,5
DA:114,182
DA:115,140
DA:116,140
DA:117,12
DA:118,12
DA:119,0
DA:120,0
DA:122,0
DA:123,0
DA:125,0
DA:127,12
LF:34
LH:26
BRDA:92,0,0,0
BRDA:95,1,0,6
BRDA:98,2,0,0
BRDA:101,3,0,0
BRDA:104,4,0,6
BRDA:114,5,0,42
BRDA:116,6,0,128
BRDA:117,7,0,0
BRDA:118,8,0,0
BRDA:119,9,0,0
BRDA:122,10,0,0
BRF:11
BRH:4
end_of_record
TN:
SF:src/emulator.ts
FN:204,(anonymous_2)
FN:214,(anonymous_3)
FN:263,(anonymous_4)
FN:282,(anonymous_5)
FN:298,(anonymous_6)
FN:311,(anonymous_7)
FN:340,(anonymous_8)
FN:357,(anonymous_9)
FN:383,(anonymous_10)
FN:395,(anonymous_11)
FN:422,(anonymous_12)
FN:430,(anonymous_13)
FN:453,(anonymous_14)
FN:472,(anonymous_15)
FN:486,(anonymous_16)
FN:497,(anonymous_17)
FN:509,(anonymous_18)
FN:527,(anonymous_19)
FN:539,(anonymous_20)
FN:548,(anonymous_21)
FN:558,(anonymous_22)
FN:571,(anonymous_23)
FN:575,(anonymous_24)
FN:586,(anonymous_25)
FN:599,(anonymous_26)
FN:609,(anonymous_27)
FN:619,(anonymous_28)
FN:628,(anonymous_29)
FN:640,(anonymous_30)
FN:663,(anonymous_31)
FN:684,(anonymous_32)
FN:694,(anonymous_33)
FN:706,(anonymous_34)
FN:710,(anonymous_35)
FN:717,(anonymous_36)
FN:726,(anonymous_37)
FN:741,(anonymous_38)
FN:757,(anonymous_39)
FN:788,(anonymous_40)
FN:816,(anonymous_41)
FN:820,(anonymous_42)
FN:833,(anonymous_43)
FN:835,(anonymous_44)
FN:865,(anonymous_45)
FN:885,(anonymous_46)
FN:902,(anonymous_47)
FN:919,(anonymous_48)
FN:1023,(anonymous_49)
FN:1054,(anonymous_50)
FN:1090,(anonymous_51)
FN:1093,(anonymous_52)
FN:1133,(anonymous_53)
FN:1134,(anonymous_54)
FN:1160,(anonymous_55)
FN:1169,(anonymous_56)
FN:1194,(anonymous_57)
FN:1204,(anonymous_58)
FN:1333,(anonymous_59)
FN:1351,(anonymous_60)
FN:1365,(anonymous_61)
FN:1369,(anonymous_62)
FN:1381,(anonymous_63)
FN:1410,(anonymous_64)
FN:1439,(anonymous_65)
FN:1461,(anonymous_66)
FN:1477,(anonymous_67)
FN:1491,(anonymous_68)
FN:1506,(anonymous_69)
FN:1508,(anonymous_70)
FN:1522,(anonymous_71)
FN:1543,(anonymous_72)
FN:1595,(anonymous_73)
FN:1654,(anonymous_74)
FN:1670,(anonymous_75)
FN:1686,(anonymous_76)
FN:1699,(anonymous_77)
FN:1740,(anonymous_78)
FN:1788,(anonymous_79)
FN:1807,(anonymous_80)
FN:1842,(anonymous_81)
FN:1894,(anonymous_82)
FN:1902,(anonymous_83)
FN:1909,(anonymous_84)
FN:1914,(anonymous_85)
FN:1918,(anonymous_86)
FN:1926,(anonymous_87)
FN:1984,(anonymous_88)
FN:2005,(anonymous_89)
FN:2017,(anonymous_90)
FN:2047,(anonymous_91)
FN:2057,(anonymous_92)
FN:2124,(anonymous_93)
FN:2166,(anonymous_94)
FN:2183,(anonymous_95)
FN:2215,(anonymous_96)
FN:2234,(anonymous_97)
FN:2286,(anonymous_98)
FN:2351,(anonymous_99)
FN:2393,(anonymous_100)
FN:2421,(anonymous_101)
FN:2425,(anonymous_102)
FN:2470,(anonymous_103)
FNF:102
FNH:92
FNDA:377,(anonymous_2)
FNDA:52,(anonymous_3)
FNDA:105,(anonymous_4)
FNDA:34,(anonymous_5)
FNDA:6,(anonymous_6)
FNDA:35,(anonymous_7)
FNDA:30,(anonymous_8)
FNDA:2,(anonymous_9)
FNDA:3,(anonymous_10)
FNDA:2,(anonymous_11)
FNDA:2,(anonymous_12)
FNDA:3,(anonymous_13)
FNDA:2,(anonymous_14)
FNDA:0,(anonymous_15)
FNDA:140,(anonymous_16)
FNDA:140,(anonymous_17)
FNDA:83,(anonymous_18)
FNDA:56,(anonymous_19)
FNDA:0,(anonymous_20)
FNDA:84,(anonymous_21)
FNDA:81,(anonymous_22)
FNDA:2,(anonymous_23)
FNDA:0,(anonymous_24)
FNDA:2,(anonymous_25)
FNDA:131,(anonymous_26)
FNDA:89,(anonymous_27)
FNDA:231,(anonymous_28)
FNDA:109,(anonymous_29)
FNDA:90,(anonymous_30)
FNDA:127,(anonymous_31)
FNDA:8,(anonymous_32)
FNDA:0,(anonymous_33)
FNDA:0,(anonymous_34)
FNDA:162,(anonymous_35)
FNDA:9,(anonymous_36)
FNDA:7,(anonymous_37)
FNDA:136,(anonymous_38)
FNDA:10,(anonymous_39)
FNDA:97,(anonymous_40)
FNDA:6,(anonymous_41)
FNDA:96,(anonymous_42)
FNDA:96,(anonymous_43)
FNDA:1,(anonymous_44)
FNDA:1,(anonymous_45)
FNDA:2,(anonymous_46)
FNDA:23,(anonymous_47)
FNDA:40,(anonymous_48)
FNDA:100,(anonymous_49)
FNDA:132,(anonymous_50)
FNDA:8,(anonymous_51)
FNDA:8,(anonymous_52)
FNDA:0,(anonymous_53)
FNDA:0,(anonymous_54)
FNDA:86,(anonymous_55)
FNDA:96,(anonymous_56)
FNDA:0,(anonymous_57)
FNDA:40,(anonymous_58)
FNDA:0,(anonymous_59)
FNDA:3,(anonymous_60)
FNDA:24,(anonymous_61)
FNDA:19,(anonymous_62)
FNDA:10,(anonymous_63)
FNDA:23,(anonymous_64)
FNDA:1,(anonymous_65)
FNDA:2,(anonymous_66)
FNDA:6,(anonymous_67)
FNDA:4,(anonymous_68)
FNDA:1,(anonymous_69)
FNDA:1,(anonymous_70)
FNDA:56,(anonymous_71)
FNDA:86,(anonymous_72)
FNDA:26,(anonymous_73)
FNDA:26,(anonymous_74)
FNDA:20,(anonymous_75)
FNDA:26,(anonymous_76)
FNDA:181,(anonymous_77)
FNDA:1,(anonymous_78)
FNDA:25,(anonymous_79)
FNDA:25,(anonymous_80)
FNDA:20,(anonymous_81)
FNDA:37,(anonymous_82)
FNDA:0,(anonymous_83)
FNDA:56,(anonymous_84)
FNDA:43,(anonymous_85)
FNDA:6,(anonymous_86)
FNDA:38,(anonymous_87)
FNDA:21,(anonymous_88)
FNDA:8,(anonymous_89)
FNDA:8,(anonymous_90)
FNDA:9,(anonymous_91)
FNDA:56,(anonymous_92)
FNDA:56,(anonymous_93)
FNDA:56,(anonymous_94)
FNDA:33,(anonymous_95)
FNDA:12,(anonymous_96)
FNDA:6,(anonymous_97)
FNDA:34,(anonymous_98)
FNDA:11,(anonymous_99)
FNDA:2,(anonymous_100)
FNDA:1,(anonymous_101)
FNDA:1,(anonymous_102)
FNDA:13,(anonymous_103)
DA:1,5
DA:57,5
DA:63,5
DA:69,5
DA:70,5
DA:71,5
DA:78,5
DA:79,5
DA:84,5
DA:85,5
DA:97,5
DA:106,5
DA:121,5
DA:125,52
DA:128,52
DA:133,52
DA:141,52
DA:146,52
DA:151,52
DA:171,52
DA:178,52
DA:179,52
DA:180,52
DA:183,52
DA:184,52
DA:188,52
DA:192,52
DA:193,52
DA:194,52
DA:195,52
DA:196,52
DA:197,52
DA:198,52
DA:202,52
DA:205,377
DA:227,52
DA:231,52
DA:232,52
DA:233,52
DA:234,52
DA:235,52
DA:236,52
DA:237,484
DA:241,484
DA:242,484
DA:244,52
DA:245,52
DA:246,52
DA:247,52
DA:259,52
DA:260,52
DA:264,105
DA:265,35
DA:266,35
DA:267,35
DA:268,35
DA:269,35
DA:271,105
DA:287,34
DA:288,34
DA:289,34
DA:299,6
DA:300,6
DA:312,35
DA:313,35
DA:317,35
DA:318,0
DA:320,35
DA:329,35
DA:344,30
DA:345,30
DA:346,30
DA:347,30
DA:358,2
DA:362,2
DA:363,2
DA:372,2
DA:384,3
DA:399,2
DA:400,2
DA:401,2
DA:402,1
DA:403,1
DA:404,1
DA:405,1
DA:406,0
DA:409,1
DA:410,1
DA:426,2
DA:427,2
DA:428,2
DA:429,2
DA:430,3
DA:431,3
DA:434,2
DA:435,1
DA:436,1
DA:437,0
DA:440,1
DA:441,1
DA:454,2
DA:455,2
DA:456,0
DA:458,2
DA:459,1
DA:461,1
DA:463,0
DA:473,0
DA:487,140
DA:498,140
DA:499,0
DA:501,140
DA:502,140
DA:503,140
DA:504,140
DA:505,140
DA:509,140
DA:510,83
DA:511,83
DA:514,140
DA:516,140
DA:517,56
DA:529,56
DA:530,56
DA:540,0
DA:549,84
DA:559,81
DA:560,81
DA:572,2
DA:573,0
DA:575,2
DA:576,0
DA:587,2
DA:588,2
DA:589,2
DA:600,131
DA:610,89
DA:620,231
DA:629,109
DA:641,90
DA:642,90
DA:648,90
DA:649,90
DA:651,90
DA:652,90
DA:655,90
DA:658,90
DA:664,127
DA:665,127
DA:666,127
DA:667,127
DA:668,0
DA:672,127
DA:679,90
DA:684,8
DA:688,90
DA:690,90
DA:696,0
DA:700,90
DA:703,90
DA:706,0
DA:708,90
DA:710,90
DA:711,162
DA:712,1
DA:713,161
DA:717,90
DA:722,9
DA:723,2
DA:724,7
DA:725,7
DA:726,7
DA:729,7
DA:730,1
DA:735,6
DA:737,0
DA:741,90
DA:746,136
DA:747,129
DA:749,7
DA:755,90
DA:757,90
DA:758,10
DA:759,10
DA:760,0
DA:764,10
DA:765,10
DA:766,0
DA:770,10
DA:771,10
DA:774,90
DA:778,0
DA:782,90
DA:784,90
DA:785,90
DA:788,90
DA:789,97
DA:791,97
DA:792,0
DA:797,97
DA:799,97
DA:800,0
DA:803,97
DA:804,97
DA:805,2
DA:807,2
DA:809,0
DA:814,90
DA:817,6
DA:821,96
DA:822,96
DA:823,96
DA:824,96
DA:827,90
DA:828,0
DA:832,90
DA:834,96
DA:836,1
DA:841,0
DA:845,90
DA:850,90
DA:851,10
DA:855,0
DA:858,10
DA:859,0
DA:864,90
DA:866,1
DA:867,1
DA:868,0
DA:873,1
DA:874,1
DA:875,1
DA:881,90
DA:882,90
DA:883,90
DA:885,90
DA:886,2
DA:887,2
DA:888,2
DA:889,0
DA:891,2
DA:892,2
DA:893,2
DA:895,90
DA:899,90
DA:903,23
DA:907,89
DA:908,0
DA:912,89
DA:913,0
DA:916,89
DA:920,40
DA:921,40
DA:924,40
DA:925,21
DA:928,21
DA:932,40
DA:937,1
DA:940,1
DA:944,40
DA:950,2
DA:951,2
DA:952,2
DA:957,40
DA:962,17
DA:963,17
DA:967,40
DA:971,0
DA:976,89
DA:977,89
DA:978,27
DA:979,27
DA:980,27
DA:981,27
DA:982,27
DA:983,27
DA:984,0
DA:988,27
DA:990,27
DA:991,22
DA:996,89
DA:997,89
DA:998,20
DA:999,20
DA:1000,20
DA:1003,19
DA:1004,19
DA:1005,18
DA:1009,1
DA:1010,1
DA:1011,1
DA:1014,0
DA:1015,0
DA:1016,0
DA:1023,88
DA:1024,100
DA:1025,0
DA:1029,100
DA:1032,100
DA:1033,0
DA:1039,100
DA:1040,100
DA:1041,0
DA:1045,100
DA:1049,88
DA:1055,132
DA:1057,1
DA:1059,0
DA:1060,0
DA:1062,0
DA:1063,0
DA:1065,1
DA:1066,1
DA:1068,0
DA:1069,0
DA:1071,0
DA:1073,1
DA:1079,87
DA:1080,87
DA:1081,0
DA:1087,87
DA:1088,87
DA:1092,8
DA:1093,8
DA:1095,8
DA:1096,0
DA:1102,8
DA:1104,8
DA:1105,8
DA:1106,0
DA:1113,8
DA:1123,87
DA:1130,87
DA:1131,87
DA:1132,0
DA:1133,0
DA:1134,0
DA:1136,0
DA:1141,87
DA:1143,87
DA:1144,0
DA:1148,87
DA:1149,87
DA:1150,1
DA:1156,86
DA:1157,82
DA:1161,86
DA:1162,86
DA:1163,86
DA:1165,86
DA:1170,96
DA:1178,86
DA:1179,86
DA:1180,40
DA:1184,86
DA:1185,86
DA:1186,1
DA:1187,1
DA:1190,86
DA:1195,0
DA:1198,86
DA:1200,82
DA:1201,82
DA:1205,40
DA:1206,40
DA:1209,40
DA:1210,21
DA:1211,21
DA:1212,0
DA:1216,21
DA:1220,21
DA:1221,21
DA:1222,21
DA:1226,40
DA:1231,1
DA:1232,1
DA:1233,0
DA:1237,1
DA:1240,1
DA:1241,1
DA:1244,40
DA:1245,0
DA:1246,0
DA:1250,40
DA:1251,1
DA:1252,1
DA:1256,40
DA:1258,16
DA:1259,16
DA:1260,16
DA:1261,16
DA:1262,0
DA:1264,16
DA:1265,16
DA:1268,16
DA:1270,16
DA:1271,15
DA:1272,0
DA:1276,15
DA:1283,15
DA:1285,1
DA:1286,0
DA:1288,1
DA:1289,1
DA:1290,1
DA:1292,16
DA:1295,1
DA:1296,1
DA:1297,1
DA:1298,1
DA:1299,0
DA:1301,1
DA:1302,1
DA:1303,1
DA:1304,1
DA:1305,1
DA:1306,1
DA:1307,1
DA:1310,0
DA:1311,0
DA:1312,0
DA:1313,0
DA:1314,0
DA:1315,0
DA:1320,40
DA:1322,0
DA:1323,0
DA:1324,0
DA:1328,0
DA:1329,0
DA:1332,0
DA:1333,0
DA:1335,0
DA:1336,0
DA:1339,0
DA:1340,0
DA:1342,0
DA:1345,0
DA:1346,0
DA:1354,3
DA:1355,1
DA:1357,3
DA:1358,3
DA:1359,0
DA:1362,3
DA:1366,24
DA:1373,19
DA:1374,19
DA:1375,19
DA:1376,19
DA:1377,19
DA:1385,10
DA:1386,10
DA:1387,0
DA:1389,10
DA:1390,10
DA:1391,8
DA:1393,2
DA:1395,10
DA:1396,10
DA:1397,10
DA:1398,10
DA:1416,23
DA:1417,23
DA:1418,23
DA:1419,22
DA:1420,22
DA:1421,22
DA:1423,23
DA:1424,1
DA:1444,1
DA:1447,1
DA:1448,0
DA:1452,1
DA:1465,2
DA:1468,2
DA:1481,6
DA:1482,6
DA:1498,4
DA:1499,4
DA:1500,4
DA:1501,4
DA:1502,4
DA:1503,4
DA:1507,1
DA:1508,1
DA:1510,1
DA:1511,1
DA:1513,0
DA:1517,0
DA:1523,56
DA:1526,56
DA:1527,34
DA:1528,34
DA:1532,34
DA:1533,34
DA:1537,56
DA:1538,56
DA:1539,56
DA:1540,56
DA:1544,86
DA:1545,86
DA:1546,86
DA:1547,86
DA:1549,86
DA:1550,86
DA:1551,26
DA:1552,26
DA:1553,26
DA:1554,26
DA:1555,26
DA:1556,26
DA:1565,84
DA:1566,84
DA:1567,19
DA:1568,19
DA:1569,19
DA:1570,19
DA:1571,19
DA:1572,19
DA:1573,20
DA:1574,20
DA:1575,20
DA:1576,0
DA:1580,20
DA:1581,20
DA:1582,20
DA:1583,18
DA:1589,18
DA:1606,26
DA:1607,26
DA:1608,0
DA:1611,26
DA:1612,26
DA:1613,26
DA:1614,0
DA:1619,26
DA:1620,26
DA:1621,0
DA:1624,26
DA:1625,0
DA:1630,26
DA:1631,26
DA:1632,26
DA:1633,25
DA:1634,25
DA:1636,24
DA:1637,24
DA:1638,19
DA:1641,24
DA:1649,24
DA:1655,26
DA:1656,1
DA:1663,1
DA:1665,0
DA:1671,20
DA:1672,0
DA:1673,0
DA:1676,0
DA:1678,0
DA:1679,0
DA:1681,0
DA:1690,26
DA:1691,26
DA:1693,10
DA:1694,10
DA:1695,0
DA:1697,10
DA:1698,10
DA:1699,181
DA:1701,10
DA:1702,0
DA:1706,10
DA:1707,10
DA:1708,10
DA:1709,0
DA:1710,0
DA:1714,10
DA:1715,0
DA:1719,10
DA:1722,5
DA:1723,5
DA:1724,5
DA:1725,5
DA:1726,0
DA:1728,5
DA:1729,0
DA:1734,5
DA:1737,2
DA:1738,2
DA:1739,2
DA:1740,1
DA:1742,2
DA:1743,2
DA:1744,0
DA:1748,2
DA:1749,1
DA:1751,1
DA:1752,1
DA:1756,0
DA:1761,1
DA:1764,3
DA:1765,0
DA:1767,3
DA:1770,0
DA:1771,0
DA:1773,0
DA:1776,2
DA:1777,0
DA:1779,2
DA:1782,4
DA:1784,0
DA:1791,25
DA:1793,10
DA:1795,0
DA:1797,2
DA:1799,1
DA:1801,3
DA:1803,9
DA:1811,25
DA:1815,9
DA:1817,16
DA:1818,16
DA:1819,2
DA:1820,1
DA:1824,1
DA:1825,1
DA:1826,0
DA:1830,1
DA:1832,14
DA:1833,0
DA:1834,0
DA:1835,0
DA:1848,20
DA:1849,0
DA:1852,20
DA:1855,19
DA:1856,19
DA:1857,19
DA:1858,19
DA:1859,19
DA:1860,1
DA:1862,18
DA:1863,18
DA:1867,1
DA:1868,1
DA:1869,1
DA:1871,0
DA:1874,0
DA:1875,0
DA:1876,0
DA:1878,0
DA:1881,0
DA:1884,18
DA:1885,0
DA:1895,37
DA:1903,0
DA:1904,0
DA:1905,0
DA:1906,0
DA:1910,56
DA:1912,56
DA:1913,56
DA:1914,43
DA:1917,56
DA:1918,6
DA:1921,56
DA:1930,38
DA:1931,38
DA:1932,38
DA:1934,38
DA:1935,30
DA:1938,30
DA:1939,30
DA:1940,30
DA:1941,30
DA:1942,30
DA:1945,0
DA:1946,0
DA:1947,0
DA:1948,0
DA:1949,0
DA:1953,0
DA:1954,0
DA:1955,0
DA:1956,0
DA:1961,38
DA:1967,38
DA:1968,40
DA:1969,40
DA:1970,12
DA:1973,38
DA:1974,38
DA:1975,8
DA:1980,8
DA:1981,6
DA:1984,38
DA:1985,21
DA:1987,38
DA:1988,21
DA:1990,21
DA:1991,1
DA:1993,20
DA:1995,21
DA:1996,21
DA:1999,38
DA:2010,8
DA:2011,8
DA:2012,0
DA:2014,8
DA:2021,8
DA:2022,2
DA:2024,6
DA:2025,6
DA:2026,6
DA:2027,0
DA:2029,6
DA:2030,6
DA:2031,6
DA:2032,6
DA:2033,2
DA:2035,4
DA:2036,0
DA:2038,4
DA:2042,2
DA:2044,2
DA:2048,9
DA:2049,9
DA:2050,9
DA:2051,9
DA:2052,9
DA:2054,9
DA:2058,56
DA:2059,56
DA:2061,56
DA:2062,19
DA:2063,19
DA:2066,37
DA:2070,2
DA:2073,37
DA:2074,46
DA:2076,36
DA:2078,36
DA:2083,0
DA:2086,0
DA:2090,36
DA:2091,2
DA:2092,2
DA:2093,2
DA:2096,34
DA:2101,34
DA:2105,34
DA:2111,34
DA:2112,11
DA:2113,11
DA:2117,11
DA:2119,23
DA:2125,56
DA:2126,56
DA:2127,56
DA:2129,56
DA:2130,12
DA:2131,0
DA:2132,0
DA:2134,12
DA:2135,12
DA:2137,12
DA:2138,12
DA:2139,1
DA:2140,1
DA:2141,1
DA:2144,11
DA:2145,11
DA:2146,0
DA:2147,0
DA:2148,0
DA:2151,11
DA:2152,11
DA:2154,11
DA:2155,4
DA:2156,4
DA:2157,4
DA:2163,56
DA:2167,56
DA:2168,56
DA:2170,8
DA:2171,8
DA:2172,7
DA:2177,0
DA:2187,33
DA:2188,33
DA:2192,0
DA:2196,33
DA:2197,33
DA:2199,33
DA:2201,2
DA:2206,0
DA:2212,6
DA:2214,6
DA:2215,6
DA:2216,12
DA:2228,6
DA:2229,0
DA:2233,6
DA:2235,6
DA:2237,0
DA:2239,6
DA:2241,0
DA:2243,0
DA:2247,6
DA:2250,6
DA:2257,6
DA:2263,8
DA:2268,1
DA:2273,2
DA:2277,14
DA:2282,0
DA:2291,34
DA:2292,34
DA:2293,1
DA:2298,0
DA:2302,34
DA:2306,1
DA:2309,1
DA:2312,33
DA:2314,33
DA:2315,33
DA:2318,33
DA:2319,33
DA:2320,33
DA:2321,33
DA:2322,33
DA:2327,30
DA:2331,16
DA:2333,14
DA:2339,33
DA:2340,1
DA:2341,1
DA:2344,33
DA:2345,33
DA:2348,33
DA:2355,11
DA:2357,11
DA:2359,4
DA:2360,4
DA:2361,4
DA:2362,4
DA:2363,0
DA:2366,0
DA:2368,4
DA:2379,4
DA:2383,0
DA:2387,2
DA:2388,2
DA:2389,2
DA:2392,2
DA:2393,2
DA:2396,2
DA:2397,0
DA:2400,0
DA:2402,2
DA:2405,2
DA:2406,2
DA:2407,2
DA:2408,2
DA:2409,2
DA:2413,2
DA:2416,1
DA:2417,1
DA:2418,1
DA:2419,1
DA:2421,1
DA:2424,1
DA:2425,1
DA:2427,1
DA:2428,1
DA:2430,1
DA:2431,1
DA:2432,1
DA:2433,1
DA:2435,1
DA:2437,1
DA:2440,2
DA:2441,2
DA:2442,2
DA:2443,2
DA:2444,2
DA:2445,0
DA:2446,0
DA:2450,2
DA:2454,1
DA:2458,11
DA:2462,8
DA:2464,11
DA:2467,11
DA:2471,13
DA:2472,13
DA:2473,10
DA:2475,10
LF:899
LH:735
BRDA:205,0,0,0
BRDA:216,1,0,28
BRDA:221,2,0,33
BRDA:222,3,0,52
BRDA:223,4,0,35
BRDA:234,5,0,52
BRDA:234,5,1,35
BRDA:248,6,0,52
BRDA:248,6,1,52
BRDA:253,7,0,52
BRDA:253,7,1,33
BRDA:264,8,0,35
BRDA:315,9,0,35
BRDA:315,9,1,0
BRDA:317,10,0,0
BRDA:405,11,0,0
BRDA:436,12,0,0
BRDA:458,13,0,1
BRDA:458,14,0,2
BRDA:458,14,1,2
BRDA:498,15,0,0
BRDA:516,16,0,56
BRDA:559,17,0,81
BRDA:572,18,0,0
BRDA:587,19,0,2
BRDA:648,20,0,90
BRDA:648,20,1,90
BRDA:649,21,0,90
BRDA:649,21,1,90
BRDA:667,22,0,0
BRDA:681,23,0,90
BRDA:681,23,1,90
BRDA:682,24,0,90
BRDA:682,24,1,85
BRDA:683,25,0,90
BRDA:683,25,1,87
BRDA:703,26,0,90
BRDA:703,26,1,90
BRDA:708,27,0,90
BRDA:708,27,1,80
BRDA:711,28,0,1
BRDA:722,29,0,2
BRDA:722,29,1,7
BRDA:724,30,0,7
BRDA:724,30,1,0
BRDA:726,31,0,7
BRDA:726,31,1,6
BRDA:729,32,0,1
BRDA:746,33,0,129
BRDA:746,33,1,7
BRDA:757,34,0,90
BRDA:757,34,1,80
BRDA:759,35,0,0
BRDA:765,36,0,0
BRDA:774,37,0,0
BRDA:775,38,0,90
BRDA:775,38,1,10
BRDA:788,39,0,90
BRDA:788,39,1,89
BRDA:791,40,0,0
BRDA:799,41,0,0
BRDA:804,42,0,2
BRDA:805,43,0,2
BRDA:805,43,1,0
BRDA:817,44,0,6
BRDA:817,44,1,5
BRDA:827,45,0,0
BRDA:832,46,0,0
BRDA:836,47,0,1
BRDA:836,47,1,0
BRDA:850,48,0,10
BRDA:851,49,0,0
BRDA:852,50,0,10
BRDA:852,50,1,0
BRDA:858,51,0,0
BRDA:864,52,0,90
BRDA:864,52,1,89
BRDA:867,53,0,0
BRDA:885,54,0,90
BRDA:885,54,1,88
BRDA:886,55,0,0
BRDA:888,56,0,0
BRDA:907,57,0,0
BRDA:907,58,0,89
BRDA:907,58,1,89
BRDA:912,59,0,0
BRDA:924,60,0,21
BRDA:925,61,0,21
BRDA:925,61,1,0
BRDA:932,62,0,1
BRDA:933,63,0,40
BRDA:933,63,1,22
BRDA:933,63,2,22
BRDA:937,64,0,1
BRDA:937,64,1,0
BRDA:944,65,0,2
BRDA:945,66,0,40
BRDA:945,66,1,17
BRDA:945,66,2,23
BRDA:951,67,0,2
BRDA:957,68,0,17
BRDA:958,69,0,40
BRDA:958,69,1,24
BRDA:958,69,2,23
BRDA:963,70,0,17
BRDA:967,71,0,0
BRDA:968,72,0,40
BRDA:968,72,1,40
BRDA:977,73,0,27
BRDA:982,74,0,27
BRDA:982,74,1,0
BRDA:983,75,0,0
BRDA:985,76,0,0
BRDA:985,76,1,0
BRDA:990,77,0,22
BRDA:997,78,0,20
BRDA:1000,79,0,18
BRDA:1000,79,1,19
BRDA:1000,79,2,1
BRDA:1000,79,3,1
BRDA:1000,79,4,0
BRDA:1024,80,0,0
BRDA:1032,81,0,0
BRDA:1040,82,0,0
BRDA:1055,83,0,1
BRDA:1057,84,0,0
BRDA:1057,84,1,0
BRDA:1057,84,2,1
BRDA:1057,84,3,0
BRDA:1057,84,4,0
BRDA:1080,85,0,0
BRDA:1093,86,0,8
BRDA:1093,86,1,8
BRDA:1095,87,0,0
BRDA:1105,88,0,0
BRDA:1105,89,0,8
BRDA:1105,89,1,8
BRDA:1131,90,0,0
BRDA:1131,91,0,87
BRDA:1131,91,1,1
BRDA:1143,92,0,0
BRDA:1148,93,0,87
BRDA:1148,93,1,87
BRDA:1149,94,0,1
BRDA:1152,95,0,1
BRDA:1152,95,1,1
BRDA:1178,96,0,86
BRDA:1178,96,1,60
BRDA:1184,97,0,86
BRDA:1184,97,1,85
BRDA:1201,98,0,82
BRDA:1201,98,1,82
BRDA:1209,99,0,21
BRDA:1211,100,0,0
BRDA:1216,101,0,21
BRDA:1216,101,1,0
BRDA:1226,102,0,1
BRDA:1227,103,0,40
BRDA:1227,103,1,22
BRDA:1227,103,2,22
BRDA:1232,104,0,0
BRDA:1237,105,0,1
BRDA:1237,105,1,0
BRDA:1244,106,0,0
BRDA:1250,107,0,1
BRDA:1256,108,0,16
BRDA:1256,108,1,1
BRDA:1256,108,2,0
BRDA:1261,109,0,0
BRDA:1266,110,0,16
BRDA:1266,110,1,0
BRDA:1270,111,0,15
BRDA:1270,111,1,1
BRDA:1271,112,0,0
BRDA:1279,113,0,15
BRDA:1279,113,1,15
BRDA:1285,114,0,0
BRDA:1289,115,0,1
BRDA:1289,115,1,1
BRDA:1298,116,0,0
BRDA:1306,117,0,1
BRDA:1313,118,0,0
BRDA:1314,119,0,0
BRDA:1314,119,1,0
BRDA:1320,120,0,0
BRDA:1320,120,1,0
BRDA:1320,120,2,0
BRDA:1320,120,3,0
BRDA:1323,121,0,0
BRDA:1354,122,0,1
BRDA:1354,123,0,3
BRDA:1354,123,1,1
BRDA:1358,124,0,0
BRDA:1373,125,0,19
BRDA:1373,125,1,15
BRDA:1376,126,0,19
BRDA:1385,127,0,10
BRDA:1385,127,1,0
BRDA:1386,128,0,0
BRDA:1390,129,0,8
BRDA:1390,129,1,2
BRDA:1396,130,0,10
BRDA:1398,131,0,0
BRDA:1412,132,0,3
BRDA:1421,133,0,22
BRDA:1421,133,1,21
BRDA:1423,134,0,1
BRDA:1444,135,0,1
BRDA:1444,135,1,0
BRDA:1447,136,0,0
BRDA:1465,137,0,2
BRDA:1465,137,1,0
BRDA:1481,138,0,0
BRDA:1481,138,1,6
BRDA:1498,139,0,0
BRDA:1498,139,1,4
BRDA:1500,140,0,0
BRDA:1502,141,0,0
BRDA:1510,142,0,1
BRDA:1518,143,0,0
BRDA:1518,143,1,0
BRDA:1526,144,0,34
BRDA:1547,145,0,86
BRDA:1547,145,1,0
BRDA:1550,146,0,26
BRDA:1566,147,0,19
BRDA:1575,148,0,0
BRDA:1586,149,0,18
BRDA:1586,149,1,18
BRDA:1607,150,0,0
BRDA:1612,151,0,26
BRDA:1612,151,1,0
BRDA:1613,152,0,0
BRDA:1615,153,0,0
BRDA:1615,153,1,0
BRDA:1620,154,0,0
BRDA:1624,155,0,0
BRDA:1637,156,0,19
BRDA:1655,157,0,25
BRDA:1656,158,0,1
BRDA:1671,159,0,20
BRDA:1672,160,0,0
BRDA:1673,161,0,0
BRDA:1673,161,1,0
BRDA:1673,161,2,0
BRDA:1678,162,0,0
BRDA:1691,163,0,10
BRDA:1691,163,1,5
BRDA:1691,163,2,2
BRDA:1691,163,3,3
BRDA:1691,163,4,0
BRDA:1691,163,5,2
BRDA:1691,163,6,4
BRDA:1691,163,7,0
BRDA:1694,164,0,0
BRDA:1699,165,0,181
BRDA:1699,165,1,10
BRDA:1701,166,0,0
BRDA:1708,167,0,0
BRDA:1708,167,1,10
BRDA:1709,168,0,0
BRDA:1709,169,0,0
BRDA:1709,169,1,0
BRDA:1714,170,0,0
BRDA:1723,171,0,0
BRDA:1725,172,0,0
BRDA:1728,173,0,0
BRDA:1738,174,0,0
BRDA:1743,175,0,0
BRDA:1748,176,0,1
BRDA:1752,177,0,0
BRDA:1753,178,0,1
BRDA:1753,178,1,1
BRDA:1764,179,0,0
BRDA:1770,180,0,0
BRDA:1776,181,0,0
BRDA:1791,182,0,10
BRDA:1791,182,1,0
BRDA:1791,182,2,2
BRDA:1791,182,3,1
BRDA:1791,182,4,3
BRDA:1791,182,5,9
BRDA:1811,183,0,9
BRDA:1812,184,0,25
BRDA:1812,184,1,21
BRDA:1818,185,0,2
BRDA:1819,186,0,1
BRDA:1825,187,0,0
BRDA:1832,188,0,0
BRDA:1834,189,0,0
BRDA:1848,190,0,0
BRDA:1852,191,0,19
BRDA:1852,191,1,19
BRDA:1852,191,2,1
BRDA:1852,191,3,1
BRDA:1852,191,4,0
BRDA:1852,191,5,0
BRDA:1856,192,0,0
BRDA:1859,193,0,1
BRDA:1868,194,0,1
BRDA:1868,195,0,1
BRDA:1868,195,1,1
BRDA:1875,196,0,0
BRDA:1875,197,0,0
BRDA:1875,197,1,0
BRDA:1884,198,0,0
BRDA:1904,199,0,0
BRDA:1935,200,0,30
BRDA:1935,200,1,30
BRDA:1935,200,2,0
BRDA:1935,200,3,0
BRDA:1935,200,4,0
BRDA:1939,201,0,0
BRDA:1946,202,0,0
BRDA:1954,203,0,0
BRDA:1968,204,0,40
BRDA:1968,204,1,11
BRDA:1969,205,0,28
BRDA:1969,205,1,12
BRDA:1970,206,0,12
BRDA:1980,207,0,2
BRDA:1980,207,1,6
BRDA:1981,208,0,4
BRDA:1990,209,0,1
BRDA:1990,209,1,20
BRDA:1991,210,0,1
BRDA:1991,210,1,1
BRDA:1995,211,0,0
BRDA:1995,211,1,21
BRDA:1996,212,0,1
BRDA:2011,213,0,0
BRDA:2021,214,0,2
BRDA:2026,215,0,0
BRDA:2032,216,0,2
BRDA:2035,217,0,0
BRDA:2038,218,0,2
BRDA:2039,219,0,4
BRDA:2039,219,1,4
BRDA:2049,220,0,0
BRDA:2061,221,0,19
BRDA:2066,222,0,2
BRDA:2067,223,0,37
BRDA:2067,223,1,2
BRDA:2074,224,0,10
BRDA:2078,225,0,0
BRDA:2079,226,0,36
BRDA:2079,226,1,0
BRDA:2079,226,2,0
BRDA:2090,227,0,2
BRDA:2111,228,0,11
BRDA:2111,228,1,23
BRDA:2130,229,0,0
BRDA:2135,230,0,0
BRDA:2138,231,0,1
BRDA:2145,232,0,0
BRDA:2154,233,0,4
BRDA:2168,234,0,48
BRDA:2172,235,0,0
BRDA:2173,236,0,7
BRDA:2173,236,1,7
BRDA:2173,236,2,7
BRDA:2188,237,0,0
BRDA:2189,238,0,33
BRDA:2189,238,1,33
BRDA:2199,239,0,2
BRDA:2199,239,1,0
BRDA:2199,239,2,6
BRDA:2199,239,3,8
BRDA:2199,239,4,1
BRDA:2199,239,5,2
BRDA:2199,239,6,14
BRDA:2199,239,7,0
BRDA:2212,240,0,6
BRDA:2212,240,1,0
BRDA:2228,241,0,0
BRDA:2235,242,0,0
BRDA:2235,242,1,6
BRDA:2235,242,2,0
BRDA:2235,242,3,0
BRDA:2247,243,0,6
BRDA:2247,243,1,0
BRDA:2292,244,0,1
BRDA:2293,245,0,0
BRDA:2294,246,0,1
BRDA:2294,246,1,1
BRDA:2294,246,2,0
BRDA:2302,247,0,1
BRDA:2303,248,0,34
BRDA:2303,248,1,9
BRDA:2322,249,0,30
BRDA:2323,250,0,33
BRDA:2323,250,1,32
BRDA:2323,250,2,30
BRDA:2327,251,0,16
BRDA:2327,251,1,14
BRDA:2328,252,0,30
BRDA:2328,252,1,30
BRDA:2328,252,2,30
BRDA:2339,253,0,1
BRDA:2344,254,0,33
BRDA:2344,254,1,17
BRDA:2344,254,2,17
BRDA:2357,255,0,4
BRDA:2357,255,1,0
BRDA:2357,255,2,2
BRDA:2357,255,3,1
BRDA:2357,255,4,2
BRDA:2357,255,5,1
BRDA:2360,256,0,4
BRDA:2362,257,0,0
BRDA:2371,258,0,4
BRDA:2371,258,1,0
BRDA:2388,259,0,2
BRDA:2396,260,0,0
BRDA:2408,261,0,2
BRDA:2417,262,0,1
BRDA:2441,263,0,2
BRDA:2444,264,0,0
BRDA:2458,265,0,8
BRDA:2459,266,0,11
BRDA:2459,266,1,10
BRDA:2472,267,0,3
BRDA:2474,268,0,10
BRDA:2474,268,1,0
BRF:424
BRH:266
end_of_record
TN:
SF:src/index.ts
FNF:0
FNH:0
DA:1,4
DA:2,4
DA:3,4
DA:4,4
DA:5,4
DA:6,4
DA:7,4
LF:7
LH:7
BRF:0
BRH:0
end_of_record
TN:
SF:src/ledger-timer.ts
FN:16,(anonymous_0)
FNF:1
FNH:1
FNDA:52,(anonymous_0)
DA:6,5
DA:20,52
DA:21,52
DA:22,52
DA:23,52
DA:24,52
DA:25,52
DA:26,52
DA:27,52
LF:9
LH:9
BRDA:17,0,0,33
BRDA:18,1,0,52
BRF:2
BRH:2
end_of_record
TN:
SF:src/provider.ts
FN:31,(anonymous_0)
FN:37,(anonymous_1)
FN:45,(anonymous_2)
FN:49,(anonymous_3)
FN:60,(anonymous_4)
FN:77,(anonymous_5)
FN:90,(anonymous_6)
FN:107,(anonymous_7)
FN:113,(anonymous_8)
FN:121,(anonymous_9)
FN:125,(anonymous_10)
FNF:11
FNH:11
FNDA:92,(anonymous_0)
FNDA:1,(anonymous_1)
FNDA:58,(anonymous_2)
FNDA:96,(anonymous_3)
FNDA:1,(anonymous_4)
FNDA:2,(anonymous_5)
FNDA:3,(anonymous_6)
FNDA:1,(anonymous_7)
FNDA:1,(anonymous_8)
FNDA:86,(anonymous_9)
FNDA:23,(anonymous_10)
DA:11,5
DA:17,5
DA:18,5
DA:25,5
DA:33,92
DA:34,92
DA:38,1
DA:46,58
DA:50,96
DA:51,96
DA:52,96
DA:53,592
DA:54,247
DA:57,96
DA:64,1
DA:65,1
DA:66,1
DA:67,13
DA:71,1
DA:74,1
DA:78,2
DA:79,24
DA:80,1
DA:85,1
DA:93,3
DA:94,3
DA:95,3
DA:96,3
DA:97,3
DA:104,3
DA:108,1
DA:117,1
DA:118,1
DA:122,86
DA:129,23
LF:35
LH:35
BRDA:53,0,0,247
BRDA:67,1,0,1
BRDA:68,2,0,13
BRDA:68,2,1,13
BRDA:79,3,0,1
BRDA:96,4,0,3
BRF:6
BRH:6
end_of_record
TN:
SF:src/types.ts
FN:16,(anonymous_0)
FNF:1
FNH:1
FNDA:5,(anonymous_0)
DA:16,5
DA:17,5
DA:18,5
DA:19,5
DA:20,5
DA:21,5
LF:6
LH:6
BRDA:16,0,0,5
BRDA:16,0,1,5
BRF:2
BRH:2
end_of_record
TN:
SF:src/utils.ts
FN:24,(anonymous_0)
FN:27,(anonymous_1)
FN:32,(anonymous_2)
FN:46,(anonymous_3)
FN:50,(anonymous_4)
FN:53,(anonymous_5)
FN:62,(anonymous_6)
FN:64,(anonymous_7)
FN:74,(anonymous_8)
FN:82,(anonymous_9)
FNF:10
FNH:9
FNDA:935,(anonymous_0)
FNDA:690,(anonymous_1)
FNDA:57,(anonymous_2)
FNDA:16,(anonymous_3)
FNDA:16,(anonymous_4)
FNDA:44,(anonymous_5)
FNDA:6,(anonymous_6)
FNDA:6,(anonymous_7)
FNDA:0,(anonymous_8)
FNDA:66,(anonymous_9)
DA:1,5
DA:24,5
DA:25,935
DA:27,5
DA:28,690
DA:29,690
DA:32,5
DA:35,57
DA:36,36
DA:38,57
DA:46,5
DA:48,16
DA:50,5
DA:51,16
DA:53,5
DA:56,44
DA:62,5
DA:63,6
DA:65,6
DA:74,5
DA:75,0
DA:76,0
DA:78,0
DA:82,5
DA:87,66
DA:88,64
DA:89,64
DA:90,36
DA:91,36
DA:92,36
LF:30
LH:27
BRDA:35,0,0,36
BRDA:51,1,0,16
BRDA:51,1,1,0
BRDA:51,2,0,16
BRDA:51,2,1,0
BRDA:57,3,0,44
BRDA:57,3,1,2
BRDA:65,4,0,6
BRDA:65,4,1,0
BRDA:87,5,0,2
BRDA:89,6,0,28
BRF:11
BRH:8
end_of_record
TN:
SF:src/utxo.ts
FN:12,(anonymous_0)
FN:19,(anonymous_1)
FN:26,(anonymous_2)
FN:33,(anonymous_3)
FN:37,(anonymous_4)
FN:43,(anonymous_5)
FNF:6
FNH:6
FNDA:131,(anonymous_0)
FNDA:89,(anonymous_1)
FNDA:231,(anonymous_2)
FNDA:112,(anonymous_3)
FNDA:690,(anonymous_4)
FNDA:3,(anonymous_5)
DA:1,5
DA:7,5
DA:12,5
DA:16,131
DA:19,5
DA:23,89
DA:26,5
DA:30,231
DA:33,5
DA:36,112
DA:38,690
DA:43,5
DA:47,3
DA:48,42
DA:49,2
DA:52,1
LF:16
LH:16
BRDA:48,0,0,2
BRF:1
BRH:1
end_of_record
TN:
SF:src/governance/index.ts
FNF:0
FNH:0
DA:1,5
DA:2,5
LF:2
LH:2
BRF:0
BRH:0
end_of_record
TN:
SF:src/governance/state.ts
FN:12,(anonymous_0)
FN:16,(anonymous_1)
FN:18,(anonymous_2)
FN:23,(anonymous_3)
FN:50,(anonymous_4)
FNF:5
FNH:4
FNDA:1,(anonymous_0)
FNDA:1,(anonymous_1)
FNDA:21,(anonymous_2)
FNDA:56,(anonymous_3)
FNDA:0,(anonymous_4)
DA:12,5
DA:16,1
DA:18,5
DA:21,21
DA:23,5
DA:26,56
DA:31,56
DA:32,49
DA:33,49
DA:35,49
DA:36,43
DA:37,43
DA:41,49
DA:42,6
DA:47,56
DA:50,5
DA:53,0
LF:17
LH:16
BRDA:33,0,0,0
BRDA:35,1,0,43
BRDA:38,2,0,43
BRDA:38,2,1,43
BRDA:41,3,0,6
BRDA:43,4,0,6
BRDA:43,4,1,6
BRF:7
BRH:6
end_of_record
TN:
SF:src/governance/utils.ts
FN:15,(anonymous_0)
FN:17,(anonymous_1)
FN:26,(anonymous_2)
FN:34,(anonymous_3)
FNF:4
FNH:4
FNDA:19,(anonymous_0)
FNDA:30,(anonymous_1)
FNDA:11,(anonymous_2)
FNDA:34,(anonymous_3)
DA:1,5
DA:15,19
DA:17,5
DA:18,30
DA:19,30
DA:23,0
DA:26,5
DA:27,11
DA:34,5
DA:38,34
DA:39,34
DA:40,7
LF:12
LH:11
BRDA:18,0,0,30
BRDA:39,1,0,27
BRF:2
BRH:2
end_of_record
TN:
SF:src/rpc/app.ts
FN:28,(anonymous_0)
FN:60,(anonymous_1)
FN:208,(anonymous_2)
FN:211,(anonymous_3)
FN:214,(anonymous_4)
FN:297,(anonymous_5)
FN:304,(anonymous_6)
FN:308,(anonymous_7)
FN:308,(anonymous_8)
FN:314,(anonymous_9)
FN:319,(anonymous_10)
FN:327,(anonymous_11)
FN:330,(anonymous_12)
FN:338,(anonymous_13)
FN:342,(anonymous_14)
FN:349,(anonymous_15)
FN:364,(anonymous_16)
FN:367,(anonymous_17)
FN:397,(anonymous_18)
FN:421,(anonymous_19)
FN:441,(anonymous_20)
FN:461,(anonymous_21)
FN:495,(anonymous_22)
FN:550,(anonymous_23)
FN:609,(anonymous_24)
FN:648,(anonymous_25)
FN:683,(anonymous_26)
FN:707,(anonymous_27)
FN:734,(anonymous_28)
FN:743,(anonymous_29)
FN:763,(anonymous_30)
FN:797,(anonymous_31)
FN:837,(anonymous_32)
FN:877,(anonymous_33)
FN:906,(anonymous_34)
FN:943,(anonymous_35)
FN:948,(anonymous_36)
FN:977,(anonymous_37)
FN:1005,(anonymous_38)
FN:1057,(anonymous_39)
FN:1101,(anonymous_40)
FN:1130,(anonymous_41)
FN:1132,(anonymous_42)
FN:1144,(anonymous_43)
FNF:44
FNH:38
FNDA:10,(anonymous_0)
FNDA:4,(anonymous_1)
FNDA:16,(anonymous_2)
FNDA:2,(anonymous_3)
FNDA:8,(anonymous_4)
FNDA:2,(anonymous_5)
FNDA:2,(anonymous_6)
FNDA:0,(anonymous_7)
FNDA:0,(anonymous_8)
FNDA:4,(anonymous_9)
FNDA:2,(anonymous_10)
FNDA:2,(anonymous_11)
FNDA:3,(anonymous_12)
FNDA:3,(anonymous_13)
FNDA:3,(anonymous_14)
FNDA:3,(anonymous_15)
FNDA:0,(anonymous_16)
FNDA:0,(anonymous_17)
FNDA:1,(anonymous_18)
FNDA:1,(anonymous_19)
FNDA:1,(anonymous_20)
FNDA:1,(anonymous_21)
FNDA:5,(anonymous_22)
FNDA:2,(anonymous_23)
FNDA:4,(anonymous_24)
FNDA:1,(anonymous_25)
FNDA:3,(anonymous_26)
FNDA:2,(anonymous_27)
FNDA:2,(anonymous_28)
FNDA:2,(anonymous_29)
FNDA:2,(anonymous_30)
FNDA:1,(anonymous_31)
FNDA:1,(anonymous_32)
FNDA:1,(anonymous_33)
FNDA:2,(anonymous_34)
FNDA:1,(anonymous_35)
FNDA:1,(anonymous_36)
FNDA:1,(anonymous_37)
FNDA:1,(anonymous_38)
FNDA:1,(anonymous_39)
FNDA:1,(anonymous_40)
FNDA:1,(anonymous_41)
FNDA:0,(anonymous_42)
FNDA:0,(anonymous_43)
DA:1,1
DA:2,1
DA:3,1
DA:6,1
DA:7,1
DA:13,1
DA:26,1
DA:29,10
DA:30,10
DA:31,10
DA:38,1
DA:52,1
DA:66,4
DA:77,1
DA:84,1
DA:90,1
DA:96,1
DA:113,1
DA:121,1
DA:127,1
DA:134,1
DA:144,1
DA:150,1
DA:156,1
DA:162,1
DA:171,1
DA:173,1
DA:175,1
DA:197,1
DA:208,1
DA:209,16
DA:211,1
DA:212,2
DA:214,1
DA:215,8
DA:217,1
DA:223,1
DA:230,1
DA:238,1
DA:245,1
DA:253,1
DA:259,1
DA:265,1
DA:271,1
DA:277,1
DA:292,1
DA:293,1
DA:295,1
DA:297,2
DA:304,1
DA:305,2
DA:306,2
DA:307,0
DA:308,0
DA:311,2
DA:314,4
DA:319,1
DA:320,2
DA:321,2
DA:322,1
DA:324,1
DA:327,1
DA:328,2
DA:330,1
DA:333,3
DA:334,2
DA:335,2
DA:338,1
DA:339,3
DA:340,3
DA:342,3
DA:353,3
DA:364,1
DA:367,0
DA:371,0
DA:381,1
DA:398,1
DA:407,1
DA:422,1
DA:423,1
DA:427,1
DA:442,1
DA:443,1
DA:447,1
DA:462,1
DA:474,1
DA:496,5
DA:497,5
DA:498,5
DA:499,0
DA:501,5
DA:502,0
DA:508,5
DA:509,0
DA:511,5
DA:512,5
DA:513,5
DA:517,1
DA:551,2
DA:552,2
DA:553,2
DA:554,0
DA:555,2
DA:556,0
DA:557,2
DA:558,0
DA:559,0
DA:562,2
DA:563,2
DA:564,3
DA:568,0
DA:571,2
DA:582,1
DA:610,4
DA:611,4
DA:612,4
DA:613,4
DA:614,4
DA:616,0
DA:621,1
DA:649,1
DA:650,1
DA:651,1
DA:652,1
DA:653,1
DA:655,0
DA:660,1
DA:684,3
DA:685,3
DA:686,1
DA:688,2
DA:689,2
DA:693,1
DA:708,2
DA:709,2
DA:713,1
DA:735,2
DA:736,2
DA:737,1
DA:739,1
DA:740,1
DA:741,1
DA:743,2
DA:745,1
DA:749,1
DA:763,2
DA:766,1
DA:798,1
DA:799,1
DA:800,1
DA:801,1
DA:802,1
DA:803,1
DA:805,0
DA:810,1
DA:838,1
DA:839,1
DA:840,1
DA:841,0
DA:843,1
DA:844,1
DA:845,1
DA:847,0
DA:852,1
DA:878,1
DA:879,1
DA:880,1
DA:881,1
DA:882,1
DA:884,0
DA:889,1
DA:907,2
DA:908,2
DA:909,2
DA:914,2
DA:918,1
DA:944,1
DA:945,1
DA:946,1
DA:948,1
DA:956,1
DA:958,0
DA:963,1
DA:977,1
DA:980,1
DA:1007,1
DA:1008,1
DA:1010,1
DA:1019,1
DA:1023,1
DA:1025,0
DA:1030,1
DA:1058,1
DA:1059,1
DA:1060,1
DA:1061,0
DA:1062,0
DA:1063,0
DA:1065,0
DA:1067,1
DA:1072,1
DA:1102,1
DA:1103,1
DA:1104,1
DA:1105,0
DA:1106,0
DA:1107,0
DA:1109,0
DA:1111,1
DA:1116,1
DA:1131,1
DA:1132,0
DA:1142,1
DA:1144,1
DA:1159,1
LF:215
LH:186
BRDA:29,0,0,0
BRDA:30,1,0,0
BRDA:66,2,0,4
BRDA:66,2,1,0
BRDA:66,2,2,0
BRDA:66,2,3,0
BRDA:299,3,0,2
BRDA:299,3,1,0
BRDA:305,4,0,0
BRDA:306,5,0,0
BRDA:321,6,0,1
BRDA:321,7,0,2
BRDA:321,7,1,2
BRDA:328,8,0,0
BRDA:328,8,1,2
BRDA:333,9,0,1
BRDA:333,10,0,3
BRDA:333,10,1,2
BRDA:335,11,0,2
BRDA:335,11,1,0
BRDA:355,12,0,2
BRDA:355,12,1,1
BRDA:498,13,0,0
BRDA:501,14,0,0
BRDA:503,15,0,0
BRDA:503,15,1,0
BRDA:504,16,0,0
BRDA:504,16,1,0
BRDA:505,17,0,0
BRDA:505,17,1,0
BRDA:508,18,0,0
BRDA:553,19,0,0
BRDA:553,19,1,2
BRDA:555,20,0,0
BRDA:555,20,1,2
BRDA:557,21,0,0
BRDA:557,21,1,2
BRDA:562,22,0,2
BRDA:562,22,1,0
BRDA:612,23,0,4
BRDA:612,23,1,0
BRDA:651,24,0,1
BRDA:651,24,1,0
BRDA:685,25,0,1
BRDA:736,26,0,1
BRDA:840,27,0,0
BRDA:948,28,0,1
BRDA:948,28,1,0
BRDA:1010,29,0,0
BRDA:1010,29,1,1
BRDA:1015,30,0,0
BRDA:1015,30,1,1
BRDA:1062,31,0,0
BRDA:1106,32,0,0
BRDA:1135,33,0,0
BRDA:1135,33,1,0
BRF:56
BRH:23
end_of_record
TN:
SF:src/rpc/index.ts
FN:1,(anonymous_1)
FN:3,(anonymous_2)
FN:4,(anonymous_3)
FNF:3
FNH:0
FNDA:0,(anonymous_1)
FNDA:0,(anonymous_2)
FNDA:0,(anonymous_3)
DA:1,0
DA:3,0
DA:4,0
LF:3
LH:0
BRF:0
BRH:0
end_of_record
TN:
SF:src/rpc/server.ts
FN:13,(anonymous_1)
FN:24,(anonymous_2)
FNF:2
FNH:0
FNDA:0,(anonymous_1)
FNDA:0,(anonymous_2)
DA:1,0
DA:2,0
DA:13,0
DA:17,0
DA:23,0
DA:25,0
LF:6
LH:0
BRDA:13,0,0,0
BRDA:14,1,0,0
BRDA:15,2,0,0
BRF:3
BRH:0
end_of_record
TN:
SF:src/rpc/adapters/state.ts
FN:7,(anonymous_0)
FN:9,(anonymous_1)
FN:13,(anonymous_2)
FN:17,(anonymous_3)
FN:21,(anonymous_4)
FN:23,(anonymous_5)
FN:38,(anonymous_6)
FN:46,(anonymous_7)
FN:52,(anonymous_8)
FN:76,(anonymous_9)
FNF:10
FNH:10
FNDA:9,(anonymous_0)
FNDA:10,(anonymous_1)
FNDA:3,(anonymous_2)
FNDA:3,(anonymous_3)
FNDA:4,(anonymous_4)
FNDA:4,(anonymous_5)
FNDA:4,(anonymous_6)
FNDA:3,(anonymous_7)
FNDA:3,(anonymous_8)
FNDA:2,(anonymous_9)
DA:7,9
DA:9,1
DA:10,10
DA:13,1
DA:14,3
DA:15,3
DA:16,3
DA:18,3
DA:19,3
DA:20,3
DA:21,4
DA:23,3
DA:24,4
DA:26,3
DA:35,3
DA:38,1
DA:39,4
DA:44,4
DA:46,3
DA:52,3
DA:76,1
DA:80,2
DA:91,2
DA:92,1
DA:95,2
DA:96,2
DA:99,2
DA:100,1
DA:103,2
LF:29
LH:29
BRDA:54,0,0,3
BRDA:54,0,1,1
BRDA:55,1,0,3
BRDA:55,1,1,1
BRDA:60,2,0,4
BRDA:60,2,1,0
BRDA:61,3,0,4
BRDA:61,3,1,0
BRDA:62,4,0,4
BRDA:62,4,1,0
BRDA:78,5,0,0
BRDA:91,6,0,1
BRDA:95,7,0,2
BRDA:99,8,0,1
BRF:14
BRH:10
end_of_record
TN:
SF:src/rpc/sdk/client.ts
FN:6,(anonymous_0)
FNF:1
FNH:0
FNDA:0,(anonymous_0)
DA:1,0
DA:6,0
DA:7,0
LF:3
LH:0
BRF:0
BRH:0
end_of_record
TN:
SF:src/rpc/sdk/index.ts
FN:1,(anonymous_0)
FNF:1
FNH:0
FNDA:0,(anonymous_0)
DA:1,0
LF:1
LH:0
BRF:0
BRH:0
end_of_record
